\BOOKMARK [0][-]{part.1}{\376\377\173\054\116\000\220\350\122\006\000\040\127\372\170\100}{}% 1
\BOOKMARK [1][-]{section.1}{\376\377\131\202\117\125\217\333\210\114\164\006\140\047\220\011\142\351}{part.1}% 2
\BOOKMARK [2][-]{subsection.1.1}{\376\377\164\006\140\047\122\006\147\220\203\003\137\017}{section.1}% 3
\BOOKMARK [2][-]{subsection.1.2}{\376\377\116\015\170\156\133\232\140\047}{section.1}% 4
\BOOKMARK [2][-]{subsection.1.3}{\376\377\145\366\225\364}{section.1}% 5
\BOOKMARK [2][-]{subsection.1.4}{\376\377\123\132\137\010}{section.1}% 6
\BOOKMARK [0][-]{part.2}{\376\377\173\054\116\214\220\350\122\006\000\040\133\214\121\150\117\341\140\157\227\131\140\001\123\132\137\010}{}% 7
\BOOKMARK [1][-]{section.2}{\376\377\176\257\173\126\165\145\123\132\137\010}{part.2}% 8
\BOOKMARK [2][-]{subsection.2.1}{\376\377\000s\000o\000l\000u\000t\000i\000o\000n\000\040\000c\000o\000n\000c\000e\000p\000t}{section.2}% 9
\BOOKMARK [2][-]{subsection.2.2}{\376\377\123\140\117\030\173\126\165\145\127\107\210\141}{section.2}% 10
\BOOKMARK [2][-]{subsection.2.3}{\376\377\221\315\131\015\122\124\226\144\116\045\150\074\122\243\173\126\165\145}{section.2}% 11
\BOOKMARK [2][-]{subsection.2.4}{\376\377\123\357\164\006\140\047\123\026\173\126\165\145}{section.2}% 12
\BOOKMARK [2][-]{subsection.2.5}{\376\377\176\263\116\300\127\107\210\141}{section.2}% 13
\BOOKMARK [1][-]{section.3}{\376\377\155\367\124\010\173\126\165\145}{part.2}% 14
\BOOKMARK [2][-]{subsection.3.1}{\376\377\000I\000E\000S\000D\000S\124\214\123\357\164\006\140\047\123\026}{section.3}% 15
\BOOKMARK [2][-]{subsection.3.2}{\376\377\176\263\116\300\133\130\127\050\133\232\164\006}{section.3}% 16
\BOOKMARK [1][-]{section.4}{\376\377\131\032\221\315\127\107\210\141\145\366\166\204\174\276\160\274\116\016\220\011\142\351\225\356\230\230}{part.2}% 17
\BOOKMARK [2][-]{subsection.4.1}{\376\377\200\132\160\271\145\110\136\224\000\050\000F\000o\000c\000a\000l\000\040\000P\000o\000i\000n\000t\000\040\000E\000f\000f\000e\000c\000t\000\051}{section.4}% 18
\BOOKMARK [2][-]{subsection.4.2}{\376\377\136\311\116\367\170\313\125\106\000\050\000C\000h\000e\000a\000p\000\040\000T\000a\000l\000k\000\051}{section.4}% 19
\BOOKMARK [2][-]{subsection.4.3}{\376\377\145\110\163\207\116\016\230\316\226\151\166\204\147\103\210\141\225\356\230\230}{section.4}% 20
\BOOKMARK [2][-]{subsection.4.4}{\376\377\166\370\121\163\127\107\210\141}{section.4}% 21
\BOOKMARK [2][-]{subsection.4.5}{\376\377\142\227\121\161\214\013\127\107\210\141\000C\000P\000E}{section.4}% 22
\BOOKMARK [2][-]{subsection.4.6}{\376\377\230\244\142\226\142\113\174\276\160\274\127\107\210\141\000\050\000T\000H\000P\000E\000\051}{section.4}% 23
\BOOKMARK [0][-]{part.3}{\376\377\173\054\116\011\220\350\122\006\000\040\133\214\121\150\117\341\140\157\122\250\140\001\123\132\137\010}{}% 24
\BOOKMARK [1][-]{section.5}{\376\377\127\372\170\100}{part.3}% 25
\BOOKMARK [2][-]{subsection.5.1}{\376\377\173\126\165\145\137\017\123\132\137\010\166\204\210\150\217\276}{section.5}% 26
\BOOKMARK [2][-]{subsection.5.2}{\376\377\173\126\165\145}{section.5}% 27
\BOOKMARK [2][-]{subsection.5.3}{\376\377\000N\000E\116\016\000S\000P\000N\000E}{section.5}% 28
\BOOKMARK [1][-]{section.6}{\376\377\131\032\226\066\153\265\123\132\137\010}{part.3}% 29
\BOOKMARK [1][-]{section.7}{\376\377\221\315\131\015\123\132\137\010}{part.3}% 30
\BOOKMARK [2][-]{subsection.7.1}{\376\377\211\346\123\321\173\126\165\145}{section.7}% 31
\BOOKMARK [0][-]{part.4}{\376\377\173\054\126\333\220\350\122\006\000\040\116\015\133\214\121\150\117\341\140\157\227\131\140\001\123\132\137\010}{}% 32
\BOOKMARK [1][-]{section.8}{\376\377\215\035\123\366\145\257\123\132\137\010}{part.4}% 33
\BOOKMARK [2][-]{subsection.8.1}{\376\377\117\213\133\120}{section.8}% 34
\BOOKMARK [2][-]{subsection.8.2}{\376\377\176\257\123\026\164\006\213\272}{section.8}% 35
\BOOKMARK [1][-]{section.9}{\376\377\142\315\123\126}{part.4}% 36
\BOOKMARK [0][-]{part.5}{\376\377\173\054\116\224\220\350\122\006\000\040\116\015\133\214\121\150\117\341\140\157\122\250\140\001\123\132\137\010}{}% 37
\BOOKMARK [1][-]{section.10}{\376\377\227\136\133\214\177\216\117\341\140\157\116\013\166\204\215\057\136\217\164\006\140\047}{part.5}% 38
\BOOKMARK [2][-]{subsection.10.1}{\376\377\133\214\177\216\215\035\123\366\145\257\127\107\210\141}{section.10}% 39
\BOOKMARK [1][-]{section.11}{\376\377\117\341\123\367\123\132\137\010}{part.5}% 40
\BOOKMARK [2][-]{subsection.11.1}{\376\377\000M\000B\000A\000\040\000G\000a\000m\000e}{section.11}% 41
\BOOKMARK [0][-]{part.6}{\376\377\173\054\121\155\220\350\122\006\000\040\210\145\121\105}{}% 42
\BOOKMARK [1][-]{section.12}{\376\377\173\126\165\145\140\047\210\114\122\250}{part.6}% 43
\BOOKMARK [1][-]{section.13}{\376\377\157\024\123\026\123\132\137\010}{part.6}% 44
